[0.347s] Invoking command in '/home/pratham/Documents/depth_sensor_pkg': PYTHONPATH=/home/pratham/Documents/depth_sensor_pkg/build/depth_sensor_pkg/prefix_override:/usr/lib/python3/dist-packages/colcon_core/task/python/colcon_distutils_commands:/home/pratham/Documents/depth_sensor_pkg/install/depth_sensor_pkg/lib/python3.10/site-packages:${PYTHONPATH} /usr/bin/python3 -W ignore:setup.py install is deprecated -W ignore:easy_install command is deprecated setup.py egg_info --egg-base build/depth_sensor_pkg build --build-base /home/pratham/Documents/depth_sensor_pkg/build/depth_sensor_pkg/build install --record /home/pratham/Documents/depth_sensor_pkg/build/depth_sensor_pkg/install.log --single-version-externally-managed install_data
[0.478s] running egg_info
[0.478s] writing build/depth_sensor_pkg/depth_sensor_pkg.egg-info/PKG-INFO
[0.478s] writing dependency_links to build/depth_sensor_pkg/depth_sensor_pkg.egg-info/dependency_links.txt
[0.478s] writing entry points to build/depth_sensor_pkg/depth_sensor_pkg.egg-info/entry_points.txt
[0.478s] writing requirements to build/depth_sensor_pkg/depth_sensor_pkg.egg-info/requires.txt
[0.478s] writing top-level names to build/depth_sensor_pkg/depth_sensor_pkg.egg-info/top_level.txt
[0.479s] reading manifest file 'build/depth_sensor_pkg/depth_sensor_pkg.egg-info/SOURCES.txt'
[0.486s] writing manifest file 'build/depth_sensor_pkg/depth_sensor_pkg.egg-info/SOURCES.txt'
[0.486s] running build
[0.486s] running build_py
[0.487s] running install
[0.487s] running install_lib
[0.487s] running install_data
[0.487s] running install_egg_info
[0.488s] removing '/home/pratham/Documents/depth_sensor_pkg/install/depth_sensor_pkg/lib/python3.10/site-packages/depth_sensor_pkg-1.0.0-py3.10.egg-info' (and everything under it)
[0.489s] Copying build/depth_sensor_pkg/depth_sensor_pkg.egg-info to /home/pratham/Documents/depth_sensor_pkg/install/depth_sensor_pkg/lib/python3.10/site-packages/depth_sensor_pkg-1.0.0-py3.10.egg-info
[0.489s] running install_scripts
[0.500s] Installing depth_sensor_node script to /home/pratham/Documents/depth_sensor_pkg/install/depth_sensor_pkg/lib/depth_sensor_pkg
[0.500s] writing list of installed files to '/home/pratham/Documents/depth_sensor_pkg/build/depth_sensor_pkg/install.log'
[0.515s] Invoked command in '/home/pratham/Documents/depth_sensor_pkg' returned '0': PYTHONPATH=/home/pratham/Documents/depth_sensor_pkg/build/depth_sensor_pkg/prefix_override:/usr/lib/python3/dist-packages/colcon_core/task/python/colcon_distutils_commands:/home/pratham/Documents/depth_sensor_pkg/install/depth_sensor_pkg/lib/python3.10/site-packages:${PYTHONPATH} /usr/bin/python3 -W ignore:setup.py install is deprecated -W ignore:easy_install command is deprecated setup.py egg_info --egg-base build/depth_sensor_pkg build --build-base /home/pratham/Documents/depth_sensor_pkg/build/depth_sensor_pkg/build install --record /home/pratham/Documents/depth_sensor_pkg/build/depth_sensor_pkg/install.log --single-version-externally-managed install_data
