running egg_info
creating build/depth_sensor_pkg/depth_sensor_pkg.egg-info
writing build/depth_sensor_pkg/depth_sensor_pkg.egg-info/PKG-INFO
writing dependency_links to build/depth_sensor_pkg/depth_sensor_pkg.egg-info/dependency_links.txt
writing entry points to build/depth_sensor_pkg/depth_sensor_pkg.egg-info/entry_points.txt
writing requirements to build/depth_sensor_pkg/depth_sensor_pkg.egg-info/requires.txt
writing top-level names to build/depth_sensor_pkg/depth_sensor_pkg.egg-info/top_level.txt
writing manifest file 'build/depth_sensor_pkg/depth_sensor_pkg.egg-info/SOURCES.txt'
reading manifest file 'build/depth_sensor_pkg/depth_sensor_pkg.egg-info/SOURCES.txt'
writing manifest file 'build/depth_sensor_pkg/depth_sensor_pkg.egg-info/SOURCES.txt'
running build
running build_py
creating /home/pratham/Documents/depth_sensor_pkg/build/depth_sensor_pkg/build
creating /home/pratham/Documents/depth_sensor_pkg/build/depth_sensor_pkg/build/lib
creating /home/pratham/Documents/depth_sensor_pkg/build/depth_sensor_pkg/build/lib/depth_sensor_pkg
copying depth_sensor_pkg/depth_sensor_node.py -> /home/pratham/Documents/depth_sensor_pkg/build/depth_sensor_pkg/build/lib/depth_sensor_pkg
copying depth_sensor_pkg/__init__.py -> /home/pratham/Documents/depth_sensor_pkg/build/depth_sensor_pkg/build/lib/depth_sensor_pkg
running install
running install_lib
creating /home/pratham/Documents/depth_sensor_pkg/install/depth_sensor_pkg/lib/python3.10/site-packages/depth_sensor_pkg
copying /home/pratham/Documents/depth_sensor_pkg/build/depth_sensor_pkg/build/lib/depth_sensor_pkg/depth_sensor_node.py -> /home/pratham/Documents/depth_sensor_pkg/install/depth_sensor_pkg/lib/python3.10/site-packages/depth_sensor_pkg
copying /home/pratham/Documents/depth_sensor_pkg/build/depth_sensor_pkg/build/lib/depth_sensor_pkg/__init__.py -> /home/pratham/Documents/depth_sensor_pkg/install/depth_sensor_pkg/lib/python3.10/site-packages/depth_sensor_pkg
byte-compiling /home/pratham/Documents/depth_sensor_pkg/install/depth_sensor_pkg/lib/python3.10/site-packages/depth_sensor_pkg/depth_sensor_node.py to depth_sensor_node.cpython-310.pyc
byte-compiling /home/pratham/Documents/depth_sensor_pkg/install/depth_sensor_pkg/lib/python3.10/site-packages/depth_sensor_pkg/__init__.py to __init__.cpython-310.pyc
running install_data
creating /home/pratham/Documents/depth_sensor_pkg/install/depth_sensor_pkg/share/ament_index
creating /home/pratham/Documents/depth_sensor_pkg/install/depth_sensor_pkg/share/ament_index/resource_index
creating /home/pratham/Documents/depth_sensor_pkg/install/depth_sensor_pkg/share/ament_index/resource_index/packages
copying resource/depth_sensor_pkg -> /home/pratham/Documents/depth_sensor_pkg/install/depth_sensor_pkg/share/ament_index/resource_index/packages
copying package.xml -> /home/pratham/Documents/depth_sensor_pkg/install/depth_sensor_pkg/share/depth_sensor_pkg
creating /home/pratham/Documents/depth_sensor_pkg/install/depth_sensor_pkg/share/depth_sensor_pkg/launch
copying launch/depth_sensor.launch.py -> /home/pratham/Documents/depth_sensor_pkg/install/depth_sensor_pkg/share/depth_sensor_pkg/launch
running install_egg_info
Copying build/depth_sensor_pkg/depth_sensor_pkg.egg-info to /home/pratham/Documents/depth_sensor_pkg/install/depth_sensor_pkg/lib/python3.10/site-packages/depth_sensor_pkg-1.0.0-py3.10.egg-info
running install_scripts
Installing depth_sensor_node script to /home/pratham/Documents/depth_sensor_pkg/install/depth_sensor_pkg/lib/depth_sensor_pkg
writing list of installed files to '/home/pratham/Documents/depth_sensor_pkg/build/depth_sensor_pkg/install.log'
