[0.343s] Invoking command in '/home/pratham/Documents/depth_sensor_pkg': PYTHONPATH=/home/pratham/Documents/depth_sensor_pkg/build/depth_sensor_pkg/prefix_override:/usr/lib/python3/dist-packages/colcon_core/task/python/colcon_distutils_commands:/home/pratham/Documents/depth_sensor_pkg/install/depth_sensor_pkg/lib/python3.10/site-packages:${PYTHONPATH} /usr/bin/python3 -W ignore:setup.py install is deprecated -W ignore:easy_install command is deprecated setup.py egg_info --egg-base build/depth_sensor_pkg build --build-base /home/pratham/Documents/depth_sensor_pkg/build/depth_sensor_pkg/build install --record /home/pratham/Documents/depth_sensor_pkg/build/depth_sensor_pkg/install.log --single-version-externally-managed install_data
[0.473s] running egg_info
[0.473s] creating build/depth_sensor_pkg/depth_sensor_pkg.egg-info
[0.473s] writing build/depth_sensor_pkg/depth_sensor_pkg.egg-info/PKG-INFO
[0.473s] writing dependency_links to build/depth_sensor_pkg/depth_sensor_pkg.egg-info/dependency_links.txt
[0.473s] writing entry points to build/depth_sensor_pkg/depth_sensor_pkg.egg-info/entry_points.txt
[0.473s] writing requirements to build/depth_sensor_pkg/depth_sensor_pkg.egg-info/requires.txt
[0.473s] writing top-level names to build/depth_sensor_pkg/depth_sensor_pkg.egg-info/top_level.txt
[0.473s] writing manifest file 'build/depth_sensor_pkg/depth_sensor_pkg.egg-info/SOURCES.txt'
[0.474s] reading manifest file 'build/depth_sensor_pkg/depth_sensor_pkg.egg-info/SOURCES.txt'
[0.474s] writing manifest file 'build/depth_sensor_pkg/depth_sensor_pkg.egg-info/SOURCES.txt'
[0.474s] running build
[0.474s] running build_py
[0.474s] creating /home/pratham/Documents/depth_sensor_pkg/build/depth_sensor_pkg/build
[0.474s] creating /home/pratham/Documents/depth_sensor_pkg/build/depth_sensor_pkg/build/lib
[0.474s] creating /home/pratham/Documents/depth_sensor_pkg/build/depth_sensor_pkg/build/lib/depth_sensor_pkg
[0.475s] copying depth_sensor_pkg/depth_sensor_node.py -> /home/pratham/Documents/depth_sensor_pkg/build/depth_sensor_pkg/build/lib/depth_sensor_pkg
[0.475s] copying depth_sensor_pkg/__init__.py -> /home/pratham/Documents/depth_sensor_pkg/build/depth_sensor_pkg/build/lib/depth_sensor_pkg
[0.475s] running install
[0.475s] running install_lib
[0.476s] creating /home/pratham/Documents/depth_sensor_pkg/install/depth_sensor_pkg/lib/python3.10/site-packages/depth_sensor_pkg
[0.476s] copying /home/pratham/Documents/depth_sensor_pkg/build/depth_sensor_pkg/build/lib/depth_sensor_pkg/depth_sensor_node.py -> /home/pratham/Documents/depth_sensor_pkg/install/depth_sensor_pkg/lib/python3.10/site-packages/depth_sensor_pkg
[0.476s] copying /home/pratham/Documents/depth_sensor_pkg/build/depth_sensor_pkg/build/lib/depth_sensor_pkg/__init__.py -> /home/pratham/Documents/depth_sensor_pkg/install/depth_sensor_pkg/lib/python3.10/site-packages/depth_sensor_pkg
[0.476s] byte-compiling /home/pratham/Documents/depth_sensor_pkg/install/depth_sensor_pkg/lib/python3.10/site-packages/depth_sensor_pkg/depth_sensor_node.py to depth_sensor_node.cpython-310.pyc
[0.477s] byte-compiling /home/pratham/Documents/depth_sensor_pkg/install/depth_sensor_pkg/lib/python3.10/site-packages/depth_sensor_pkg/__init__.py to __init__.cpython-310.pyc
[0.477s] running install_data
[0.477s] creating /home/pratham/Documents/depth_sensor_pkg/install/depth_sensor_pkg/share/ament_index
[0.477s] creating /home/pratham/Documents/depth_sensor_pkg/install/depth_sensor_pkg/share/ament_index/resource_index
[0.477s] creating /home/pratham/Documents/depth_sensor_pkg/install/depth_sensor_pkg/share/ament_index/resource_index/packages
[0.477s] copying resource/depth_sensor_pkg -> /home/pratham/Documents/depth_sensor_pkg/install/depth_sensor_pkg/share/ament_index/resource_index/packages
[0.477s] copying package.xml -> /home/pratham/Documents/depth_sensor_pkg/install/depth_sensor_pkg/share/depth_sensor_pkg
[0.477s] creating /home/pratham/Documents/depth_sensor_pkg/install/depth_sensor_pkg/share/depth_sensor_pkg/launch
[0.477s] copying launch/depth_sensor.launch.py -> /home/pratham/Documents/depth_sensor_pkg/install/depth_sensor_pkg/share/depth_sensor_pkg/launch
[0.477s] running install_egg_info
[0.478s] Copying build/depth_sensor_pkg/depth_sensor_pkg.egg-info to /home/pratham/Documents/depth_sensor_pkg/install/depth_sensor_pkg/lib/python3.10/site-packages/depth_sensor_pkg-1.0.0-py3.10.egg-info
[0.478s] running install_scripts
[0.490s] Installing depth_sensor_node script to /home/pratham/Documents/depth_sensor_pkg/install/depth_sensor_pkg/lib/depth_sensor_pkg
[0.490s] writing list of installed files to '/home/pratham/Documents/depth_sensor_pkg/build/depth_sensor_pkg/install.log'
[0.503s] Invoked command in '/home/pratham/Documents/depth_sensor_pkg' returned '0': PYTHONPATH=/home/pratham/Documents/depth_sensor_pkg/build/depth_sensor_pkg/prefix_override:/usr/lib/python3/dist-packages/colcon_core/task/python/colcon_distutils_commands:/home/pratham/Documents/depth_sensor_pkg/install/depth_sensor_pkg/lib/python3.10/site-packages:${PYTHONPATH} /usr/bin/python3 -W ignore:setup.py install is deprecated -W ignore:easy_install command is deprecated setup.py egg_info --egg-base build/depth_sensor_pkg build --build-base /home/pratham/Documents/depth_sensor_pkg/build/depth_sensor_pkg/build install --record /home/pratham/Documents/depth_sensor_pkg/build/depth_sensor_pkg/install.log --single-version-externally-managed install_data
